# JRE version: Java(TM) SE Runtime Environment (17.0.12+8) (build 17.0.12+8-LTS-286)
# Java VM: Java HotSpot(TM) 64-Bit Server VM (17.0.12+8-LTS-286, mixed mode, sharing, tiered, compressed oops, compressed class ptrs, g1 gc, windows-amd64)
GC Precious Log:
 CPUs: 12 total, 12 available
 Memory: 16307M
 Large Page Support: Disabled
 NUMA Support: Disabled
 Compressed Oops: Enabled (32-bit)
 Heap Region Size: 1M
 Heap Min Capacity: 8M
 Heap Initial Capacity: 256M
 Heap Max Capacity: 512M
 Pre-touch: Disabled
 Parallel Workers: 10
 Concurrent Workers: 3
 Concurrent Refinement Workers: 10
 Periodic GC: Disabled
Heap:
 garbage-first heap   total 51200K, used 28413K [0x00000000e0000000, 0x0000000100000000)
  region size 1024K, 13 young (13312K), 3 survivors (3072K)
 Metaspace       used 36353K, committed 36800K, reserved 1114112K
  class space    used 4848K, committed 5056K, reserved 1048576K
GC Heap History (18 events):
Event: 0.504 GC heap before
{Heap before GC invocations=0 (full 0):
 garbage-first heap   total 262144K, used 23552K [0x00000000e0000000, 0x0000000100000000)
  region size 1024K, 23 young (23552K), 0 survivors (0K)
 Metaspace       used 6287K, committed 6464K, reserved 1114112K
  class space    used 808K, committed 896K, reserved 1048576K
}
Event: 0.508 GC heap after
{Heap after GC invocations=1 (full 0):
 garbage-first heap   total 262144K, used 8336K [0x00000000e0000000, 0x0000000100000000)
  region size 1024K, 3 young (3072K), 3 survivors (3072K)
 Metaspace       used 6287K, committed 6464K, reserved 1114112K
  class space    used 808K, committed 896K, reserved 1048576K
}
Event: 0.819 GC heap before
{Heap before GC invocations=1 (full 0):
 garbage-first heap   total 262144K, used 32912K [0x00000000e0000000, 0x0000000100000000)
  region size 1024K, 27 young (27648K), 3 survivors (3072K)
 Metaspace       used 11510K, committed 11904K, reserved 1114112K
  class space    used 1534K, committed 1728K, reserved 1048576K
}
Event: 0.822 GC heap after
{Heap after GC invocations=2 (full 0):
 garbage-first heap   total 262144K, used 10067K [0x00000000e0000000, 0x0000000100000000)
  region size 1024K, 2 young (2048K), 2 survivors (2048K)
 Metaspace       used 11510K, committed 11904K, reserved 1114112K
  class space    used 1534K, committed 1728K, reserved 1048576K
}
Event: 1.471 GC heap before
{Heap before GC invocations=2 (full 0):
 garbage-first heap   total 262144K, used 63315K [0x00000000e0000000, 0x0000000100000000)
  region size 1024K, 55 young (56320K), 2 survivors (2048K)
 Metaspace       used 21158K, committed 21504K, reserved 1114112K
  class space    used 2955K, committed 3136K, reserved 1048576K
}
Event: 1.475 GC heap after
{Heap after GC invocations=3 (full 0):
 garbage-first heap   total 262144K, used 12961K [0x00000000e0000000, 0x0000000100000000)
  region size 1024K, 5 young (5120K), 5 survivors (5120K)
 Metaspace       used 21158K, committed 21504K, reserved 1114112K
  class space    used 2955K, committed 3136K, reserved 1048576K
}
Event: 1.660 GC heap before
{Heap before GC invocations=4 (full 0):
 garbage-first heap   total 51200K, used 37537K [0x00000000e0000000, 0x0000000100000000)
  region size 1024K, 31 young (31744K), 5 survivors (5120K)
 Metaspace       used 25277K, committed 25600K, reserved 1114112K
  class space    used 3427K, committed 3584K, reserved 1048576K
}
Event: 1.663 GC heap after
{Heap after GC invocations=5 (full 0):
 garbage-first heap   total 51200K, used 14399K [0x00000000e0000000, 0x0000000100000000)
  region size 1024K, 6 young (6144K), 6 survivors (6144K)
 Metaspace       used 25277K, committed 25600K, reserved 1114112K
  class space    used 3427K, committed 3584K, reserved 1048576K
}
Event: 1.670 GC heap before
{Heap before GC invocations=5 (full 0):
 garbage-first heap   total 51200K, used 15423K [0x00000000e0000000, 0x0000000100000000)
  region size 1024K, 7 young (7168K), 6 survivors (6144K)
 Metaspace       used 25382K, committed 25728K, reserved 1114112K
  class space    used 3449K, committed 3648K, reserved 1048576K
}
Event: 1.673 GC heap after
{Heap after GC invocations=6 (full 0):
 garbage-first heap   total 51200K, used 15107K [0x00000000e0000000, 0x0000000100000000)
  region size 1024K, 1 young (1024K), 1 survivors (1024K)
 Metaspace       used 25382K, committed 25728K, reserved 1114112K
  class space    used 3449K, committed 3648K, reserved 1048576K
}
Event: 1.883 GC heap before
{Heap before GC invocations=6 (full 0):
 garbage-first heap   total 51200K, used 35587K [0x00000000e0000000, 0x0000000100000000)
  region size 1024K, 21 young (21504K), 1 survivors (1024K)
 Metaspace       used 27719K, committed 28032K, reserved 1114112K
  class space    used 3757K, committed 3904K, reserved 1048576K
}
Event: 1.884 GC heap after
{Heap after GC invocations=7 (full 0):
 garbage-first heap   total 51200K, used 15841K [0x00000000e0000000, 0x0000000100000000)
  region size 1024K, 2 young (2048K), 2 survivors (2048K)
 Metaspace       used 27719K, committed 28032K, reserved 1114112K
  class space    used 3757K, committed 3904K, reserved 1048576K
}
Event: 2.187 GC heap before
{Heap before GC invocations=7 (full 0):
 garbage-first heap   total 51200K, used 35297K [0x00000000e0000000, 0x0000000100000000)
  region size 1024K, 22 young (22528K), 2 survivors (2048K)
 Metaspace       used 30688K, committed 31168K, reserved 1114112K
  class space    used 4170K, committed 4416K, reserved 1048576K
}
Event: 2.189 GC heap after
{Heap after GC invocations=8 (full 0):
 garbage-first heap   total 51200K, used 17426K [0x00000000e0000000, 0x0000000100000000)
  region size 1024K, 2 young (2048K), 2 survivors (2048K)
 Metaspace       used 30688K, committed 31168K, reserved 1114112K
  class space    used 4170K, committed 4416K, reserved 1048576K
}
Event: 2.442 GC heap before
{Heap before GC invocations=8 (full 0):
 garbage-first heap   total 51200K, used 36882K [0x00000000e0000000, 0x0000000100000000)
  region size 1024K, 21 young (21504K), 2 survivors (2048K)
 Metaspace       used 34151K, committed 34624K, reserved 1114112K
  class space    used 4553K, committed 4800K, reserved 1048576K
}
Event: 2.443 GC heap after
{Heap after GC invocations=9 (full 0):
 garbage-first heap   total 51200K, used 18746K [0x00000000e0000000, 0x0000000100000000)
  region size 1024K, 3 young (3072K), 3 survivors (3072K)
 Metaspace       used 34151K, committed 34624K, reserved 1114112K
  class space    used 4553K, committed 4800K, reserved 1048576K
}
Event: 2.634 GC heap before
{Heap before GC invocations=9 (full 0):
 garbage-first heap   total 51200K, used 33082K [0x00000000e0000000, 0x0000000100000000)
  region size 1024K, 18 young (18432K), 3 survivors (3072K)
 Metaspace       used 35641K, committed 36096K, reserved 1114112K
  class space    used 4754K, committed 4992K, reserved 1048576K
}
Event: 2.637 GC heap after
{Heap after GC invocations=10 (full 0):
 garbage-first heap   total 51200K, used 20221K [0x00000000e0000000, 0x0000000100000000)
  region size 1024K, 3 young (3072K), 3 survivors (3072K)
 Metaspace       used 35641K, committed 36096K, reserved 1114112K
  class space    used 4754K, committed 4992K, reserved 1048576K
}

